0 info it worked if it ends with ok
1 verbose cli [ '/Users/nmurata/.nodebrew/node/v6.12.0/bin/node',
1 verbose cli   '/Users/nmurata/.nodebrew/current/bin/npm',
1 verbose cli   'start' ]
2 info using npm@3.10.10
3 info using node@v6.12.0
4 verbose run-script [ 'prestart', 'start', 'poststart' ]
5 info lifecycle teaamlab-step3@0.0.0~prestart: teaamlab-step3@0.0.0
6 silly lifecycle teaamlab-step3@0.0.0~prestart: no script for prestart, continuing
7 info lifecycle teaamlab-step3@0.0.0~start: teaamlab-step3@0.0.0
8 verbose lifecycle teaamlab-step3@0.0.0~start: unsafe-perm in lifecycle true
9 verbose lifecycle teaamlab-step3@0.0.0~start: PATH: /Users/nmurata/.nodebrew/node/v6.12.0/lib/node_modules/npm/bin/node-gyp-bin:/Users/nmurata/teamlab/step3/teaamlab-step3/node_modules/.bin:/Users/nmurata/.nodebrew/node/v6.12.0/bin:/Users/nmurata/.nodebrew/current/bin:/Users/nmurata/.rbenv/shims:/Users/nmurata/.rbenv/bin:/Users/nmurata/terrier/terrier-core-4.2:/Users/nmurata/tesseract/android/android-ndk-r14b:/Users/nmurata/tesseract/android/tools:/usr/local/bin:/usr/bin:/bin:/usr/sbin:/sbin:/opt/X11/bin:/Applications/sdk/platform-tools
10 verbose lifecycle teaamlab-step3@0.0.0~start: CWD: /Users/nmurata/teamlab/step3/teaamlab-step3
11 silly lifecycle teaamlab-step3@0.0.0~start: Args: [ '-c', 'node ./bin/www' ]
12 silly lifecycle teaamlab-step3@0.0.0~start: Returned: code: 1  signal: null
13 info lifecycle teaamlab-step3@0.0.0~start: Failed to exec start script
14 verbose stack Error: teaamlab-step3@0.0.0 start: `node ./bin/www`
14 verbose stack Exit status 1
14 verbose stack     at EventEmitter.<anonymous> (/Users/nmurata/.nodebrew/node/v6.12.0/lib/node_modules/npm/lib/utils/lifecycle.js:255:16)
14 verbose stack     at emitTwo (events.js:106:13)
14 verbose stack     at EventEmitter.emit (events.js:191:7)
14 verbose stack     at ChildProcess.<anonymous> (/Users/nmurata/.nodebrew/node/v6.12.0/lib/node_modules/npm/lib/utils/spawn.js:40:14)
14 verbose stack     at emitTwo (events.js:106:13)
14 verbose stack     at ChildProcess.emit (events.js:191:7)
14 verbose stack     at maybeClose (internal/child_process.js:920:16)
14 verbose stack     at Process.ChildProcess._handle.onexit (internal/child_process.js:230:5)
15 verbose pkgid teaamlab-step3@0.0.0
16 verbose cwd /Users/nmurata/teamlab/step3/teaamlab-step3
17 error Darwin 17.3.0
18 error argv "/Users/nmurata/.nodebrew/node/v6.12.0/bin/node" "/Users/nmurata/.nodebrew/current/bin/npm" "start"
19 error node v6.12.0
20 error npm  v3.10.10
21 error code ELIFECYCLE
22 error teaamlab-step3@0.0.0 start: `node ./bin/www`
22 error Exit status 1
23 error Failed at the teaamlab-step3@0.0.0 start script 'node ./bin/www'.
23 error Make sure you have the latest version of node.js and npm installed.
23 error If you do, this is most likely a problem with the teaamlab-step3 package,
23 error not with npm itself.
23 error Tell the author that this fails on your system:
23 error     node ./bin/www
23 error You can get information on how to open an issue for this project with:
23 error     npm bugs teaamlab-step3
23 error Or if that isn't available, you can get their info via:
23 error     npm owner ls teaamlab-step3
23 error There is likely additional logging output above.
24 verbose exit [ 1, true ]
